2026-03-04 20:07:14,849 [INFO] 🔧 使用模拟数据（29,452 条）
2026-03-04 20:07:14,854 [INFO] ✅ 数据加载完成，共 29452 条，6 列
2026-03-04 20:07:14,855 [INFO] 🧹 开始数据清洗...
2026-03-04 20:07:14,869 [INFO] ✅ 清洗完成：29452 → 28862 条（去除 590 条异常）
2026-03-04 20:07:15,335 [WARNING] findfont: Font family 'Arial Unicode MS' not found.
2026-03-04 20:07:15,346 [WARNING] findfont: Font family 'Arial Unicode MS' not found.
2026-03-04 20:07:15,361 [WARNING] findfont: Font family 'Arial Unicode MS' not found.
2026-03-04 20:07:15,364 [WARNING] findfont: Font family 'Arial Unicode MS' not found.
2026-03-04 20:07:15,365 [WARNING] findfont: Font family 'Arial Unicode MS' not found.
2026-03-04 20:07:15,367 [WARNING] findfont: Font family 'Arial Unicode MS' not found.
2026-03-04 20:07:15,368 [WARNING] findfont: Font family 'Arial Unicode MS' not found.
2026-03-04 20:07:15,378 [WARNING] findfont: Font family 'Arial Unicode MS' not found.
2026-03-04 20:07:15,379 [WARNING] findfont: Font family 'Arial Unicode MS' not found.
2026-03-04 20:07:15,380 [WARNING] findfont: Font family 'Arial Unicode MS' not found.
2026-03-04 20:07:15,381 [WARNING] findfont: Font family 'Arial Unicode MS' not found.
2026-03-04 20:07:15,381 [WARNING] findfont: Font family 'Arial Unicode MS' not found.
2026-03-04 20:07:15,382 [WARNING] findfont: Font family 'Arial Unicode MS' not found.
2026-03-04 20:07:15,382 [WARNING] findfont: Font family 'Arial Unicode MS' not found.
2026-03-04 20:07:15,383 [WARNING] findfont: Font family 'Arial Unicode MS' not found.
2026-03-04 20:07:15,385 [WARNING] findfont: Font family 'Arial Unicode MS' not found.
2026-03-04 20:07:15,390 [WARNING] findfont: Font family 'Arial Unicode MS' not found.
2026-03-04 20:07:15,397 [WARNING] findfont: Font family 'Arial Unicode MS' not found.
2026-03-04 20:07:15,408 [WARNING] findfont: Font family 'Arial Unicode MS' not found.
2026-03-04 20:07:15,409 [WARNING] findfont: Font family 'Arial Unicode MS' not found.
2026-03-04 20:07:15,416 [WARNING] findfont: Font family 'Arial Unicode MS' not found.
2026-03-04 20:07:15,418 [WARNING] findfont: Font family 'Arial Unicode MS' not found.
2026-03-04 20:07:15,437 [WARNING] findfont: Font family 'Arial Unicode MS' not found.
2026-03-04 20:07:15,438 [WARNING] findfont: Font family 'Arial Unicode MS' not found.
2026-03-04 20:07:15,439 [WARNING] findfont: Font family 'Arial Unicode MS' not found.
2026-03-04 20:07:15,440 [WARNING] findfont: Font family 'Arial Unicode MS' not found.
2026-03-04 20:07:15,441 [WARNING] findfont: Font family 'Arial Unicode MS' not found.
2026-03-04 20:07:15,441 [WARNING] findfont: Font family 'Arial Unicode MS' not found.
2026-03-04 20:07:15,442 [WARNING] findfont: Font family 'Arial Unicode MS' not found.
2026-03-04 20:07:15,444 [WARNING] findfont: Font family 'Arial Unicode MS' not found.
2026-03-04 20:07:15,445 [WARNING] findfont: Font family 'Arial Unicode MS' not found.
2026-03-04 20:07:15,445 [WARNING] findfont: Font family 'Arial Unicode MS' not found.
2026-03-04 20:07:15,446 [WARNING] findfont: Font family 'Arial Unicode MS' not found.
2026-03-04 20:07:15,446 [WARNING] findfont: Font family 'Arial Unicode MS' not found.
2026-03-04 20:07:15,447 [WARNING] findfont: Font family 'Arial Unicode MS' not found.
2026-03-04 20:07:15,448 [WARNING] findfont: Font family 'Arial Unicode MS' not found.
2026-03-04 20:07:15,448 [WARNING] findfont: Font family 'Arial Unicode MS' not found.
2026-03-04 20:07:15,450 [WARNING] findfont: Font family 'Arial Unicode MS' not found.
2026-03-04 20:07:15,452 [WARNING] findfont: Font family 'Arial Unicode MS' not found.
2026-03-04 20:07:15,459 [WARNING] findfont: Font family 'Arial Unicode MS' not found.
2026-03-04 20:07:15,460 [WARNING] findfont: Font family 'Arial Unicode MS' not found.
2026-03-04 20:07:15,461 [WARNING] findfont: Font family 'Arial Unicode MS' not found.
2026-03-04 20:07:15,462 [WARNING] findfont: Font family 'Arial Unicode MS' not found.
2026-03-04 20:07:15,462 [WARNING] findfont: Font family 'Arial Unicode MS' not found.
2026-03-04 20:07:15,482 [WARNING] findfont: Font family 'Arial Unicode MS' not found.
2026-03-04 20:07:15,482 [WARNING] findfont: Font family 'Arial Unicode MS' not found.
2026-03-04 20:07:15,485 [WARNING] findfont: Font family 'Arial Unicode MS' not found.
2026-03-04 20:07:15,486 [WARNING] findfont: Font family 'Arial Unicode MS' not found.
2026-03-04 20:07:15,486 [WARNING] findfont: Font family 'Arial Unicode MS' not found.
2026-03-04 20:07:15,487 [WARNING] findfont: Font family 'Arial Unicode MS' not found.
2026-03-04 20:07:15,488 [WARNING] findfont: Font family 'Arial Unicode MS' not found.
2026-03-04 20:07:15,488 [WARNING] findfont: Font family 'Arial Unicode MS' not found.
2026-03-04 20:07:15,489 [WARNING] findfont: Font family 'Arial Unicode MS' not found.
2026-03-04 20:07:15,490 [WARNING] findfont: Font family 'Arial Unicode MS' not found.
2026-03-04 20:07:15,491 [WARNING] findfont: Font family 'Arial Unicode MS' not found.
2026-03-04 20:07:15,492 [WARNING] findfont: Font family 'Arial Unicode MS' not found.
2026-03-04 20:07:15,495 [WARNING] findfont: Font family 'Arial Unicode MS' not found.
2026-03-04 20:07:15,496 [WARNING] findfont: Font family 'Arial Unicode MS' not found.
2026-03-04 20:07:15,496 [WARNING] findfont: Font family 'Arial Unicode MS' not found.
2026-03-04 20:07:15,497 [WARNING] findfont: Font family 'Arial Unicode MS' not found.
2026-03-04 20:07:15,498 [WARNING] findfont: Font family 'Arial Unicode MS' not found.
2026-03-04 20:07:15,498 [WARNING] findfont: Font family 'Arial Unicode MS' not found.
2026-03-04 20:07:15,499 [WARNING] findfont: Font family 'Arial Unicode MS' not found.
2026-03-04 20:07:15,500 [WARNING] findfont: Font family 'Arial Unicode MS' not found.
2026-03-04 20:07:15,502 [WARNING] findfont: Font family 'Arial Unicode MS' not found.
2026-03-04 20:07:15,503 [WARNING] findfont: Font family 'Arial Unicode MS' not found.
2026-03-04 20:07:15,506 [WARNING] findfont: Font family 'Arial Unicode MS' not found.
2026-03-04 20:07:15,508 [WARNING] findfont: Font family 'Arial Unicode MS' not found.
2026-03-04 20:07:15,512 [WARNING] findfont: Font family 'Arial Unicode MS' not found.
2026-03-04 20:07:15,513 [WARNING] findfont: Font family 'Arial Unicode MS' not found.
2026-03-04 20:07:15,514 [WARNING] findfont: Font family 'Arial Unicode MS' not found.
2026-03-04 20:07:15,515 [WARNING] findfont: Font family 'Arial Unicode MS' not found.
2026-03-04 20:07:15,516 [WARNING] findfont: Font family 'Arial Unicode MS' not found.
2026-03-04 20:07:15,517 [WARNING] findfont: Font family 'Arial Unicode MS' not found.
2026-03-04 20:07:15,518 [WARNING] findfont: Font family 'Arial Unicode MS' not found.
2026-03-04 20:07:15,518 [WARNING] findfont: Font family 'Arial Unicode MS' not found.
2026-03-04 20:07:15,521 [WARNING] findfont: Font family 'Arial Unicode MS' not found.
2026-03-04 20:07:15,523 [WARNING] findfont: Font family 'Arial Unicode MS' not found.
2026-03-04 20:07:15,523 [WARNING] findfont: Font family 'Arial Unicode MS' not found.
2026-03-04 20:07:15,524 [WARNING] findfont: Font family 'Arial Unicode MS' not found.
2026-03-04 20:07:15,525 [WARNING] findfont: Font family 'Arial Unicode MS' not found.
2026-03-04 20:07:15,525 [WARNING] findfont: Font family 'Arial Unicode MS' not found.
2026-03-04 20:07:15,526 [WARNING] findfont: Font family 'Arial Unicode MS' not found.
2026-03-04 20:07:15,527 [WARNING] findfont: Font family 'Arial Unicode MS' not found.
2026-03-04 20:07:15,528 [WARNING] findfont: Font family 'Arial Unicode MS' not found.
2026-03-04 20:07:15,528 [WARNING] findfont: Font family 'Arial Unicode MS' not found.
2026-03-04 20:07:15,907 [WARNING] findfont: Font family 'Arial Unicode MS' not found.
2026-03-04 20:07:15,907 [WARNING] findfont: Font family 'Arial Unicode MS' not found.
2026-03-04 20:07:15,908 [WARNING] findfont: Font family 'Arial Unicode MS' not found.
2026-03-04 20:07:15,909 [WARNING] findfont: Font family 'Arial Unicode MS' not found.
2026-03-04 20:07:15,909 [WARNING] findfont: Font family 'Arial Unicode MS' not found.
2026-03-04 20:07:15,910 [WARNING] findfont: Font family 'Arial Unicode MS' not found.
2026-03-04 20:07:15,911 [WARNING] findfont: Font family 'Arial Unicode MS' not found.
2026-03-04 20:07:15,911 [WARNING] findfont: Font family 'Arial Unicode MS' not found.
2026-03-04 20:07:15,913 [WARNING] findfont: Font family 'Arial Unicode MS' not found.
2026-03-04 20:07:15,921 [WARNING] findfont: Font family 'Arial Unicode MS' not found.
2026-03-04 20:07:15,922 [WARNING] findfont: Font family 'Arial Unicode MS' not found.
2026-03-04 20:07:15,923 [WARNING] findfont: Font family 'Arial Unicode MS' not found.
2026-03-04 20:07:15,924 [WARNING] findfont: Font family 'Arial Unicode MS' not found.
2026-03-04 20:07:15,924 [WARNING] findfont: Font family 'Arial Unicode MS' not found.
2026-03-04 20:07:15,925 [WARNING] findfont: Font family 'Arial Unicode MS' not found.
2026-03-04 20:07:15,925 [WARNING] findfont: Font family 'Arial Unicode MS' not found.
2026-03-04 20:07:15,926 [WARNING] findfont: Font family 'Arial Unicode MS' not found.
2026-03-04 20:07:15,928 [WARNING] findfont: Font family 'Arial Unicode MS' not found.
2026-03-04 20:07:15,932 [WARNING] findfont: Font family 'Arial Unicode MS' not found.
2026-03-04 20:07:15,933 [WARNING] findfont: Font family 'Arial Unicode MS' not found.
2026-03-04 20:07:15,938 [WARNING] findfont: Font family 'Arial Unicode MS' not found.
2026-03-04 20:07:15,939 [WARNING] findfont: Font family 'Arial Unicode MS' not found.
2026-03-04 20:07:15,954 [WARNING] findfont: Font family 'Arial Unicode MS' not found.
2026-03-04 20:07:15,954 [WARNING] findfont: Font family 'Arial Unicode MS' not found.
2026-03-04 20:07:15,955 [WARNING] findfont: Font family 'Arial Unicode MS' not found.
2026-03-04 20:07:15,955 [WARNING] findfont: Font family 'Arial Unicode MS' not found.
2026-03-04 20:07:15,956 [WARNING] findfont: Font family 'Arial Unicode MS' not found.
2026-03-04 20:07:15,956 [WARNING] findfont: Font family 'Arial Unicode MS' not found.
2026-03-04 20:07:15,957 [WARNING] findfont: Font family 'Arial Unicode MS' not found.
2026-03-04 20:07:15,963 [WARNING] findfont: Font family 'Arial Unicode MS' not found.
2026-03-04 20:07:15,976 [WARNING] findfont: Font family 'Arial Unicode MS' not found.
2026-03-04 20:07:15,977 [WARNING] findfont: Font family 'Arial Unicode MS' not found.
2026-03-04 20:07:15,977 [WARNING] findfont: Font family 'Arial Unicode MS' not found.
2026-03-04 20:07:15,978 [WARNING] findfont: Font family 'Arial Unicode MS' not found.
2026-03-04 20:07:15,978 [WARNING] findfont: Font family 'Arial Unicode MS' not found.
2026-03-04 20:07:15,979 [WARNING] findfont: Font family 'Arial Unicode MS' not found.
2026-03-04 20:07:15,980 [WARNING] findfont: Font family 'Arial Unicode MS' not found.
2026-03-04 20:07:15,982 [WARNING] findfont: Font family 'Arial Unicode MS' not found.
2026-03-04 20:07:15,987 [WARNING] findfont: Font family 'Arial Unicode MS' not found.
2026-03-04 20:07:15,988 [WARNING] findfont: Font family 'Arial Unicode MS' not found.
2026-03-04 20:07:15,989 [WARNING] findfont: Font family 'Arial Unicode MS' not found.
2026-03-04 20:07:15,989 [WARNING] findfont: Font family 'Arial Unicode MS' not found.
2026-03-04 20:07:15,991 [WARNING] findfont: Font family 'Arial Unicode MS' not found.
2026-03-04 20:07:15,991 [WARNING] findfont: Font family 'Arial Unicode MS' not found.
2026-03-04 20:07:16,009 [WARNING] findfont: Font family 'Arial Unicode MS' not found.
2026-03-04 20:07:16,009 [WARNING] findfont: Font family 'Arial Unicode MS' not found.
2026-03-04 20:07:16,011 [WARNING] findfont: Font family 'Arial Unicode MS' not found.
2026-03-04 20:07:16,011 [WARNING] findfont: Font family 'Arial Unicode MS' not found.
2026-03-04 20:07:16,012 [WARNING] findfont: Font family 'Arial Unicode MS' not found.
2026-03-04 20:07:16,012 [WARNING] findfont: Font family 'Arial Unicode MS' not found.
2026-03-04 20:07:16,013 [WARNING] findfont: Font family 'Arial Unicode MS' not found.
2026-03-04 20:07:16,014 [WARNING] findfont: Font family 'Arial Unicode MS' not found.
2026-03-04 20:07:16,014 [WARNING] findfont: Font family 'Arial Unicode MS' not found.
2026-03-04 20:07:16,016 [WARNING] findfont: Font family 'Arial Unicode MS' not found.
2026-03-04 20:07:16,017 [WARNING] findfont: Font family 'Arial Unicode MS' not found.
2026-03-04 20:07:16,017 [WARNING] findfont: Font family 'Arial Unicode MS' not found.
2026-03-04 20:07:16,026 [WARNING] findfont: Font family 'Arial Unicode MS' not found.
2026-03-04 20:07:16,026 [WARNING] findfont: Font family 'Arial Unicode MS' not found.
2026-03-04 20:07:16,027 [WARNING] findfont: Font family 'Arial Unicode MS' not found.
2026-03-04 20:07:16,028 [WARNING] findfont: Font family 'Arial Unicode MS' not found.
2026-03-04 20:07:16,028 [WARNING] findfont: Font family 'Arial Unicode MS' not found.
2026-03-04 20:07:16,029 [WARNING] findfont: Font family 'Arial Unicode MS' not found.
2026-03-04 20:07:16,029 [WARNING] findfont: Font family 'Arial Unicode MS' not found.
2026-03-04 20:07:16,030 [WARNING] findfont: Font family 'Arial Unicode MS' not found.
2026-03-04 20:07:16,030 [WARNING] findfont: Font family 'Arial Unicode MS' not found.
2026-03-04 20:07:16,036 [WARNING] findfont: Font family 'Arial Unicode MS' not found.
2026-03-04 20:07:16,045 [WARNING] findfont: Font family 'Arial Unicode MS' not found.
2026-03-04 20:07:16,046 [WARNING] findfont: Font family 'Arial Unicode MS' not found.
2026-03-04 20:07:16,059 [WARNING] findfont: Font family 'Arial Unicode MS' not found.
2026-03-04 20:07:16,071 [WARNING] findfont: Font family 'Arial Unicode MS' not found.
2026-03-04 20:07:16,072 [WARNING] findfont: Font family 'Arial Unicode MS' not found.
2026-03-04 20:07:16,072 [WARNING] findfont: Font family 'Arial Unicode MS' not found.
2026-03-04 20:07:16,073 [WARNING] findfont: Font family 'Arial Unicode MS' not found.
2026-03-04 20:07:16,074 [WARNING] findfont: Font family 'Arial Unicode MS' not found.
2026-03-04 20:07:16,074 [WARNING] findfont: Font family 'Arial Unicode MS' not found.
2026-03-04 20:07:16,075 [WARNING] findfont: Font family 'Arial Unicode MS' not found.
2026-03-04 20:07:16,077 [WARNING] findfont: Font family 'Arial Unicode MS' not found.
2026-03-04 20:07:16,079 [WARNING] findfont: Font family 'Arial Unicode MS' not found.
2026-03-04 20:07:16,087 [WARNING] findfont: Font family 'Arial Unicode MS' not found.
2026-03-04 20:07:16,088 [WARNING] findfont: Font family 'Arial Unicode MS' not found.
2026-03-04 20:07:16,088 [WARNING] findfont: Font family 'Arial Unicode MS' not found.
2026-03-04 20:07:16,090 [WARNING] findfont: Font family 'Arial Unicode MS' not found.
2026-03-04 20:07:16,090 [WARNING] findfont: Font family 'Arial Unicode MS' not found.
2026-03-04 20:07:16,137 [WARNING] findfont: Font family 'Arial Unicode MS' not found.
2026-03-04 20:07:16,138 [WARNING] findfont: Font family 'Arial Unicode MS' not found.
2026-03-04 20:07:16,138 [WARNING] findfont: Font family 'Arial Unicode MS' not found.
2026-03-04 20:07:16,139 [WARNING] findfont: Font family 'Arial Unicode MS' not found.
2026-03-04 20:07:16,139 [WARNING] findfont: Font family 'Arial Unicode MS' not found.
2026-03-04 20:07:16,140 [WARNING] findfont: Font family 'Arial Unicode MS' not found.
2026-03-04 20:07:16,140 [WARNING] findfont: Font family 'Arial Unicode MS' not found.
2026-03-04 20:07:16,141 [WARNING] findfont: Font family 'Arial Unicode MS' not found.
2026-03-04 20:07:16,141 [WARNING] findfont: Font family 'Arial Unicode MS' not found.
2026-03-04 20:07:16,144 [WARNING] findfont: Font family 'Arial Unicode MS' not found.
2026-03-04 20:07:16,145 [WARNING] findfont: Font family 'Arial Unicode MS' not found.
2026-03-04 20:07:16,145 [WARNING] findfont: Font family 'Arial Unicode MS' not found.
2026-03-04 20:07:16,156 [WARNING] findfont: Font family 'Arial Unicode MS' not found.
2026-03-04 20:07:16,157 [WARNING] findfont: Font family 'Arial Unicode MS' not found.
2026-03-04 20:07:16,158 [WARNING] findfont: Font family 'Arial Unicode MS' not found.
2026-03-04 20:07:16,159 [WARNING] findfont: Font family 'Arial Unicode MS' not found.
2026-03-04 20:07:16,160 [WARNING] findfont: Font family 'Arial Unicode MS' not found.
2026-03-04 20:07:16,160 [WARNING] findfont: Font family 'Arial Unicode MS' not found.
2026-03-04 20:07:16,161 [WARNING] findfont: Font family 'Arial Unicode MS' not found.
2026-03-04 20:07:16,162 [WARNING] findfont: Font family 'Arial Unicode MS' not found.
2026-03-04 20:07:16,162 [WARNING] findfont: Font family 'Arial Unicode MS' not found.
2026-03-04 20:07:16,163 [WARNING] findfont: Font family 'Arial Unicode MS' not found.
2026-03-04 20:07:16,164 [WARNING] findfont: Font family 'Arial Unicode MS' not found.
2026-03-04 20:07:16,164 [WARNING] findfont: Font family 'Arial Unicode MS' not found.
2026-03-04 20:07:16,165 [WARNING] findfont: Font family 'Arial Unicode MS' not found.
2026-03-04 20:07:16,166 [WARNING] findfont: Font family 'Arial Unicode MS' not found.
2026-03-04 20:07:16,167 [WARNING] findfont: Font family 'Arial Unicode MS' not found.
2026-03-04 20:07:16,168 [WARNING] findfont: Font family 'Arial Unicode MS' not found.
2026-03-04 20:07:16,170 [WARNING] findfont: Font family 'Arial Unicode MS' not found.
2026-03-04 20:07:16,171 [WARNING] findfont: Font family 'Arial Unicode MS' not found.
2026-03-04 20:07:16,174 [WARNING] findfont: Font family 'Arial Unicode MS' not found.
2026-03-04 20:07:16,175 [WARNING] findfont: Font family 'Arial Unicode MS' not found.
2026-03-04 20:07:16,177 [WARNING] findfont: Font family 'Arial Unicode MS' not found.
2026-03-04 20:07:16,179 [WARNING] findfont: Font family 'Arial Unicode MS' not found.
2026-03-04 20:07:16,179 [WARNING] findfont: Font family 'Arial Unicode MS' not found.
2026-03-04 20:07:16,180 [WARNING] findfont: Font family 'Arial Unicode MS' not found.
2026-03-04 20:07:16,182 [WARNING] findfont: Font family 'Arial Unicode MS' not found.
2026-03-04 20:07:16,183 [WARNING] findfont: Font family 'Arial Unicode MS' not found.
2026-03-04 20:07:16,184 [WARNING] findfont: Font family 'Arial Unicode MS' not found.
2026-03-04 20:07:16,185 [WARNING] findfont: Font family 'Arial Unicode MS' not found.
2026-03-04 20:07:16,188 [WARNING] findfont: Font family 'Arial Unicode MS' not found.
2026-03-04 20:07:16,189 [WARNING] findfont: Font family 'Arial Unicode MS' not found.
2026-03-04 20:07:16,190 [WARNING] findfont: Font family 'Arial Unicode MS' not found.
2026-03-04 20:07:16,191 [WARNING] findfont: Font family 'Arial Unicode MS' not found.
2026-03-04 20:07:16,198 [WARNING] findfont: Font family 'Arial Unicode MS' not found.
2026-03-04 20:07:16,199 [WARNING] findfont: Font family 'Arial Unicode MS' not found.
2026-03-04 20:07:16,204 [WARNING] findfont: Font family 'Arial Unicode MS' not found.
2026-03-04 20:07:16,207 [WARNING] findfont: Font family 'Arial Unicode MS' not found.
2026-03-04 20:07:16,208 [WARNING] findfont: Font family 'Arial Unicode MS' not found.
2026-03-04 20:07:16,211 [WARNING] findfont: Font family 'Arial Unicode MS' not found.
2026-03-04 20:07:16,212 [WARNING] findfont: Font family 'Arial Unicode MS' not found.
2026-03-04 20:07:16,213 [WARNING] findfont: Font family 'Arial Unicode MS' not found.
2026-03-04 20:07:16,214 [WARNING] findfont: Font family 'Arial Unicode MS' not found.
2026-03-04 20:07:16,215 [WARNING] findfont: Font family 'Arial Unicode MS' not found.
2026-03-04 20:07:16,215 [WARNING] findfont: Font family 'Arial Unicode MS' not found.
2026-03-04 20:07:16,216 [WARNING] findfont: Font family 'Arial Unicode MS' not found.
2026-03-04 20:07:16,217 [WARNING] findfont: Font family 'Arial Unicode MS' not found.
2026-03-04 20:07:16,218 [WARNING] findfont: Font family 'Arial Unicode MS' not found.
2026-03-04 20:07:16,224 [WARNING] findfont: Font family 'Arial Unicode MS' not found.
2026-03-04 20:07:16,232 [WARNING] findfont: Font family 'Arial Unicode MS' not found.
2026-03-04 20:07:16,236 [WARNING] findfont: Font family 'Arial Unicode MS' not found.
2026-03-04 20:07:16,237 [WARNING] findfont: Font family 'Arial Unicode MS' not found.
2026-03-04 20:07:16,237 [WARNING] findfont: Font family 'Arial Unicode MS' not found.
2026-03-04 20:07:16,238 [WARNING] findfont: Font family 'Arial Unicode MS' not found.
2026-03-04 20:07:16,238 [WARNING] findfont: Font family 'Arial Unicode MS' not found.
2026-03-04 20:07:16,239 [WARNING] findfont: Font family 'Arial Unicode MS' not found.
2026-03-04 20:07:16,239 [WARNING] findfont: Font family 'Arial Unicode MS' not found.
2026-03-04 20:07:16,241 [WARNING] findfont: Font family 'Arial Unicode MS' not found.
2026-03-04 20:07:16,242 [WARNING] findfont: Font family 'Arial Unicode MS' not found.
2026-03-04 20:07:16,245 [WARNING] findfont: Font family 'Arial Unicode MS' not found.
2026-03-04 20:07:16,246 [WARNING] findfont: Font family 'Arial Unicode MS' not found.
2026-03-04 20:07:16,252 [WARNING] findfont: Font family 'Arial Unicode MS' not found.
2026-03-04 20:07:16,254 [WARNING] findfont: Font family 'Arial Unicode MS' not found.
2026-03-04 20:07:16,255 [WARNING] findfont: Font family 'Arial Unicode MS' not found.
2026-03-04 20:07:16,256 [WARNING] findfont: Font family 'Arial Unicode MS' not found.
2026-03-04 20:07:16,257 [WARNING] findfont: Font family 'Arial Unicode MS' not found.
2026-03-04 20:07:16,258 [WARNING] findfont: Font family 'Arial Unicode MS' not found.
2026-03-04 20:07:16,260 [WARNING] findfont: Font family 'Arial Unicode MS' not found.
2026-03-04 20:07:16,261 [WARNING] findfont: Font family 'Arial Unicode MS' not found.
2026-03-04 20:07:16,262 [WARNING] findfont: Font family 'Arial Unicode MS' not found.
2026-03-04 20:07:16,267 [WARNING] findfont: Font family 'Arial Unicode MS' not found.
2026-03-04 20:07:16,269 [WARNING] findfont: Font family 'Arial Unicode MS' not found.
2026-03-04 20:07:16,270 [WARNING] findfont: Font family 'Arial Unicode MS' not found.
2026-03-04 20:07:16,271 [WARNING] findfont: Font family 'Arial Unicode MS' not found.
2026-03-04 20:07:16,272 [WARNING] findfont: Font family 'Arial Unicode MS' not found.
2026-03-04 20:07:16,273 [WARNING] findfont: Font family 'Arial Unicode MS' not found.
2026-03-04 20:07:16,275 [WARNING] findfont: Font family 'Arial Unicode MS' not found.
2026-03-04 20:07:16,276 [WARNING] findfont: Font family 'Arial Unicode MS' not found.
2026-03-04 20:07:16,276 [WARNING] findfont: Font family 'Arial Unicode MS' not found.
2026-03-04 20:07:16,278 [WARNING] findfont: Font family 'Arial Unicode MS' not found.
2026-03-04 20:07:16,608 [WARNING] findfont: Font family 'Arial Unicode MS' not found.
2026-03-04 20:07:16,609 [WARNING] findfont: Font family 'Arial Unicode MS' not found.
2026-03-04 20:07:16,609 [WARNING] findfont: Font family 'Arial Unicode MS' not found.
2026-03-04 20:07:16,610 [WARNING] findfont: Font family 'Arial Unicode MS' not found.
2026-03-04 20:07:16,611 [WARNING] findfont: Font family 'Arial Unicode MS' not found.
2026-03-04 20:07:16,611 [WARNING] findfont: Font family 'Arial Unicode MS' not found.
2026-03-04 20:07:16,612 [WARNING] findfont: Font family 'Arial Unicode MS' not found.
2026-03-04 20:07:16,612 [WARNING] findfont: Font family 'Arial Unicode MS' not found.
2026-03-04 20:07:16,614 [WARNING] findfont: Font family 'Arial Unicode MS' not found.
2026-03-04 20:07:16,615 [WARNING] findfont: Font family 'Arial Unicode MS' not found.
2026-03-04 20:07:16,616 [WARNING] findfont: Font family 'Arial Unicode MS' not found.
2026-03-04 20:07:16,620 [WARNING] findfont: Font family 'Arial Unicode MS' not found.
2026-03-04 20:07:16,621 [WARNING] findfont: Font family 'Arial Unicode MS' not found.
2026-03-04 20:07:16,622 [WARNING] findfont: Font family 'Arial Unicode MS' not found.
2026-03-04 20:07:16,623 [WARNING] findfont: Font family 'Arial Unicode MS' not found.
2026-03-04 20:07:16,623 [WARNING] findfont: Font family 'Arial Unicode MS' not found.
2026-03-04 20:07:16,624 [WARNING] findfont: Font family 'Arial Unicode MS' not found.
2026-03-04 20:07:16,625 [WARNING] findfont: Font family 'Arial Unicode MS' not found.
2026-03-04 20:07:16,626 [WARNING] findfont: Font family 'Arial Unicode MS' not found.
2026-03-04 20:07:16,628 [WARNING] findfont: Font family 'Arial Unicode MS' not found.
2026-03-04 20:07:16,629 [WARNING] findfont: Font family 'Arial Unicode MS' not found.
2026-03-04 20:07:16,630 [WARNING] findfont: Font family 'Arial Unicode MS' not found.
2026-03-04 20:07:16,631 [WARNING] findfont: Font family 'Arial Unicode MS' not found.
2026-03-04 20:07:16,632 [WARNING] findfont: Font family 'Arial Unicode MS' not found.
2026-03-04 20:07:16,633 [WARNING] findfont: Font family 'Arial Unicode MS' not found.
2026-03-04 20:07:16,634 [WARNING] findfont: Font family 'Arial Unicode MS' not found.
2026-03-04 20:07:16,637 [WARNING] findfont: Font family 'Arial Unicode MS' not found.
2026-03-04 20:07:16,643 [WARNING] findfont: Font family 'Arial Unicode MS' not found.
2026-03-04 20:07:16,645 [WARNING] findfont: Font family 'Arial Unicode MS' not found.
2026-03-04 20:07:16,646 [WARNING] findfont: Font family 'Arial Unicode MS' not found.
2026-03-04 20:07:16,647 [WARNING] findfont: Font family 'Arial Unicode MS' not found.
2026-03-04 20:07:16,647 [WARNING] findfont: Font family 'Arial Unicode MS' not found.
2026-03-04 20:07:16,648 [WARNING] findfont: Font family 'Arial Unicode MS' not found.
2026-03-04 20:07:16,648 [WARNING] findfont: Font family 'Arial Unicode MS' not found.
2026-03-04 20:07:16,649 [WARNING] findfont: Font family 'Arial Unicode MS' not found.
2026-03-04 20:07:16,651 [WARNING] findfont: Font family 'Arial Unicode MS' not found.
2026-03-04 20:07:16,652 [WARNING] findfont: Font family 'Arial Unicode MS' not found.
2026-03-04 20:07:16,654 [WARNING] findfont: Font family 'Arial Unicode MS' not found.
2026-03-04 20:07:16,655 [WARNING] findfont: Font family 'Arial Unicode MS' not found.
2026-03-04 20:07:16,657 [WARNING] findfont: Font family 'Arial Unicode MS' not found.
2026-03-04 20:07:16,658 [WARNING] findfont: Font family 'Arial Unicode MS' not found.
2026-03-04 20:07:16,658 [WARNING] findfont: Font family 'Arial Unicode MS' not found.
2026-03-04 20:07:16,667 [WARNING] findfont: Font family 'Arial Unicode MS' not found.
2026-03-04 20:07:16,668 [WARNING] findfont: Font family 'Arial Unicode MS' not found.
2026-03-04 20:07:16,668 [WARNING] findfont: Font family 'Arial Unicode MS' not found.
2026-03-04 20:07:16,670 [WARNING] findfont: Font family 'Arial Unicode MS' not found.
2026-03-04 20:07:16,670 [WARNING] findfont: Font family 'Arial Unicode MS' not found.
2026-03-04 20:07:16,671 [WARNING] findfont: Font family 'Arial Unicode MS' not found.
2026-03-04 20:07:16,672 [WARNING] findfont: Font family 'Arial Unicode MS' not found.
2026-03-04 20:07:16,672 [WARNING] findfont: Font family 'Arial Unicode MS' not found.
2026-03-04 20:07:16,673 [WARNING] findfont: Font family 'Arial Unicode MS' not found.
2026-03-04 20:07:16,674 [WARNING] findfont: Font family 'Arial Unicode MS' not found.
2026-03-04 20:07:16,675 [WARNING] findfont: Font family 'Arial Unicode MS' not found.
2026-03-04 20:07:16,675 [WARNING] findfont: Font family 'Arial Unicode MS' not found.
2026-03-04 20:07:16,676 [WARNING] findfont: Font family 'Arial Unicode MS' not found.
2026-03-04 20:07:16,677 [WARNING] findfont: Font family 'Arial Unicode MS' not found.
2026-03-04 20:07:16,678 [WARNING] findfont: Font family 'Arial Unicode MS' not found.
2026-03-04 20:07:16,679 [WARNING] findfont: Font family 'Arial Unicode MS' not found.
2026-03-04 20:07:16,681 [WARNING] findfont: Font family 'Arial Unicode MS' not found.
2026-03-04 20:07:16,682 [WARNING] findfont: Font family 'Arial Unicode MS' not found.
2026-03-04 20:07:16,684 [WARNING] findfont: Font family 'Arial Unicode MS' not found.
2026-03-04 20:07:16,684 [WARNING] findfont: Font family 'Arial Unicode MS' not found.
2026-03-04 20:07:16,685 [WARNING] findfont: Font family 'Arial Unicode MS' not found.
2026-03-04 20:07:16,711 [WARNING] findfont: Font family 'Arial Unicode MS' not found.
2026-03-04 20:07:16,714 [WARNING] findfont: Font family 'Arial Unicode MS' not found.
2026-03-04 20:07:16,715 [WARNING] findfont: Font family 'Arial Unicode MS' not found.
2026-03-04 20:07:16,716 [WARNING] findfont: Font family 'Arial Unicode MS' not found.
2026-03-04 20:07:16,716 [WARNING] findfont: Font family 'Arial Unicode MS' not found.
2026-03-04 20:07:16,717 [WARNING] findfont: Font family 'Arial Unicode MS' not found.
2026-03-04 20:07:16,718 [WARNING] findfont: Font family 'Arial Unicode MS' not found.
2026-03-04 20:07:16,729 [WARNING] findfont: Font family 'Arial Unicode MS' not found.
2026-03-04 20:07:16,729 [WARNING] findfont: Font family 'Arial Unicode MS' not found.
2026-03-04 20:07:16,730 [WARNING] findfont: Font family 'Arial Unicode MS' not found.
2026-03-04 20:07:16,730 [WARNING] findfont: Font family 'Arial Unicode MS' not found.
2026-03-04 20:07:16,730 [WARNING] findfont: Font family 'Arial Unicode MS' not found.
2026-03-04 20:07:16,731 [WARNING] findfont: Font family 'Arial Unicode MS' not found.
2026-03-04 20:07:16,731 [WARNING] findfont: Font family 'Arial Unicode MS' not found.
2026-03-04 20:07:16,732 [WARNING] findfont: Font family 'Arial Unicode MS' not found.
2026-03-04 20:07:16,734 [WARNING] findfont: Font family 'Arial Unicode MS' not found.
2026-03-04 20:07:16,735 [WARNING] findfont: Font family 'Arial Unicode MS' not found.
2026-03-04 20:07:16,735 [WARNING] findfont: Font family 'Arial Unicode MS' not found.
2026-03-04 20:07:16,737 [WARNING] findfont: Font family 'Arial Unicode MS' not found.
2026-03-04 20:07:16,738 [WARNING] findfont: Font family 'Arial Unicode MS' not found.
2026-03-04 20:07:16,738 [WARNING] findfont: Font family 'Arial Unicode MS' not found.
2026-03-04 20:07:16,741 [WARNING] findfont: Font family 'Arial Unicode MS' not found.
2026-03-04 20:07:16,747 [WARNING] findfont: Font family 'Arial Unicode MS' not found.
2026-03-04 20:07:16,747 [WARNING] findfont: Font family 'Arial Unicode MS' not found.
2026-03-04 20:07:16,748 [WARNING] findfont: Font family 'Arial Unicode MS' not found.
2026-03-04 20:07:16,749 [WARNING] findfont: Font family 'Arial Unicode MS' not found.
2026-03-04 20:07:16,751 [WARNING] findfont: Font family 'Arial Unicode MS' not found.
2026-03-04 20:07:16,753 [WARNING] findfont: Font family 'Arial Unicode MS' not found.
2026-03-04 20:07:16,754 [WARNING] findfont: Font family 'Arial Unicode MS' not found.
2026-03-04 20:07:16,757 [WARNING] findfont: Font family 'Arial Unicode MS' not found.
2026-03-04 20:07:16,758 [WARNING] findfont: Font family 'Arial Unicode MS' not found.
2026-03-04 20:07:16,759 [WARNING] findfont: Font family 'Arial Unicode MS' not found.
2026-03-04 20:07:16,759 [WARNING] findfont: Font family 'Arial Unicode MS' not found.
2026-03-04 20:07:16,760 [WARNING] findfont: Font family 'Arial Unicode MS' not found.
2026-03-04 20:07:16,761 [WARNING] findfont: Font family 'Arial Unicode MS' not found.
2026-03-04 20:07:16,763 [WARNING] findfont: Font family 'Arial Unicode MS' not found.
2026-03-04 20:07:16,764 [WARNING] findfont: Font family 'Arial Unicode MS' not found.
2026-03-04 20:07:16,765 [WARNING] findfont: Font family 'Arial Unicode MS' not found.
2026-03-04 20:07:16,765 [WARNING] findfont: Font family 'Arial Unicode MS' not found.
2026-03-04 20:07:16,766 [WARNING] findfont: Font family 'Arial Unicode MS' not found.
2026-03-04 20:07:16,766 [WARNING] findfont: Font family 'Arial Unicode MS' not found.
2026-03-04 20:07:16,767 [WARNING] findfont: Font family 'Arial Unicode MS' not found.
2026-03-04 20:07:16,767 [WARNING] findfont: Font family 'Arial Unicode MS' not found.
2026-03-04 20:07:16,772 [WARNING] findfont: Font family 'Arial Unicode MS' not found.
2026-03-04 20:07:16,775 [WARNING] findfont: Font family 'Arial Unicode MS' not found.
2026-03-04 20:07:16,775 [WARNING] findfont: Font family 'Arial Unicode MS' not found.
2026-03-04 20:07:16,799 [WARNING] findfont: Font family 'Arial Unicode MS' not found.
2026-03-04 20:07:16,800 [WARNING] findfont: Font family 'Arial Unicode MS' not found.
2026-03-04 20:07:16,801 [WARNING] findfont: Font family 'Arial Unicode MS' not found.
2026-03-04 20:07:16,802 [WARNING] findfont: Font family 'Arial Unicode MS' not found.
2026-03-04 20:07:16,803 [WARNING] findfont: Font family 'Arial Unicode MS' not found.
2026-03-04 20:07:16,804 [WARNING] findfont: Font family 'Arial Unicode MS' not found.
2026-03-04 20:07:16,804 [WARNING] findfont: Font family 'Arial Unicode MS' not found.
2026-03-04 20:07:16,805 [WARNING] findfont: Font family 'Arial Unicode MS' not found.
2026-03-04 20:07:16,807 [WARNING] findfont: Font family 'Arial Unicode MS' not found.
2026-03-04 20:07:16,808 [WARNING] findfont: Font family 'Arial Unicode MS' not found.
2026-03-04 20:07:16,809 [WARNING] findfont: Font family 'Arial Unicode MS' not found.
2026-03-04 20:07:16,812 [WARNING] findfont: Font family 'Arial Unicode MS' not found.
2026-03-04 20:07:16,813 [WARNING] findfont: Font family 'Arial Unicode MS' not found.
2026-03-04 20:07:16,813 [WARNING] findfont: Font family 'Arial Unicode MS' not found.
2026-03-04 20:07:16,814 [WARNING] findfont: Font family 'Arial Unicode MS' not found.
2026-03-04 20:07:16,815 [WARNING] findfont: Font family 'Arial Unicode MS' not found.
2026-03-04 20:07:16,815 [WARNING] findfont: Font family 'Arial Unicode MS' not found.
2026-03-04 20:07:16,816 [WARNING] findfont: Font family 'Arial Unicode MS' not found.
2026-03-04 20:07:16,817 [WARNING] findfont: Font family 'Arial Unicode MS' not found.
2026-03-04 20:07:16,820 [WARNING] findfont: Font family 'Arial Unicode MS' not found.
2026-03-04 20:07:16,821 [WARNING] findfont: Font family 'Arial Unicode MS' not found.
2026-03-04 20:07:16,822 [WARNING] findfont: Font family 'Arial Unicode MS' not found.
2026-03-04 20:07:16,823 [WARNING] findfont: Font family 'Arial Unicode MS' not found.
2026-03-04 20:07:16,823 [WARNING] findfont: Font family 'Arial Unicode MS' not found.
2026-03-04 20:07:16,824 [WARNING] findfont: Font family 'Arial Unicode MS' not found.
2026-03-04 20:07:16,825 [WARNING] findfont: Font family 'Arial Unicode MS' not found.
2026-03-04 20:07:16,828 [WARNING] findfont: Font family 'Arial Unicode MS' not found.
2026-03-04 20:07:16,830 [WARNING] findfont: Font family 'Arial Unicode MS' not found.
2026-03-04 20:07:16,830 [WARNING] findfont: Font family 'Arial Unicode MS' not found.
2026-03-04 20:07:16,831 [WARNING] findfont: Font family 'Arial Unicode MS' not found.
2026-03-04 20:07:16,831 [WARNING] findfont: Font family 'Arial Unicode MS' not found.
2026-03-04 20:07:16,832 [WARNING] findfont: Font family 'Arial Unicode MS' not found.
2026-03-04 20:07:16,832 [WARNING] findfont: Font family 'Arial Unicode MS' not found.
2026-03-04 20:07:16,833 [WARNING] findfont: Font family 'Arial Unicode MS' not found.
2026-03-04 20:07:16,834 [WARNING] findfont: Font family 'Arial Unicode MS' not found.
2026-03-04 20:07:16,837 [WARNING] findfont: Font family 'Arial Unicode MS' not found.
2026-03-04 20:07:16,841 [WARNING] findfont: Font family 'Arial Unicode MS' not found.
2026-03-04 20:07:16,841 [WARNING] findfont: Font family 'Arial Unicode MS' not found.
2026-03-04 20:07:16,842 [WARNING] findfont: Font family 'Arial Unicode MS' not found.
2026-03-04 20:07:16,843 [WARNING] findfont: Font family 'Arial Unicode MS' not found.
2026-03-04 20:07:16,845 [WARNING] findfont: Font family 'Arial Unicode MS' not found.
2026-03-04 20:07:16,846 [WARNING] findfont: Font family 'Arial Unicode MS' not found.
2026-03-04 20:07:16,847 [WARNING] findfont: Font family 'Arial Unicode MS' not found.
2026-03-04 20:07:16,849 [WARNING] findfont: Font family 'Arial Unicode MS' not found.
2026-03-04 20:07:16,850 [WARNING] findfont: Font family 'Arial Unicode MS' not found.
2026-03-04 20:07:16,851 [WARNING] findfont: Font family 'Arial Unicode MS' not found.
2026-03-04 20:07:16,852 [WARNING] findfont: Font family 'Arial Unicode MS' not found.
2026-03-04 20:07:16,852 [WARNING] findfont: Font family 'Arial Unicode MS' not found.
2026-03-04 20:07:16,854 [WARNING] findfont: Font family 'Arial Unicode MS' not found.
2026-03-04 20:07:16,854 [WARNING] findfont: Font family 'Arial Unicode MS' not found.
2026-03-04 20:07:16,855 [WARNING] findfont: Font family 'Arial Unicode MS' not found.
2026-03-04 20:07:16,856 [WARNING] findfont: Font family 'Arial Unicode MS' not found.
2026-03-04 20:07:16,856 [WARNING] findfont: Font family 'Arial Unicode MS' not found.
2026-03-04 20:07:16,857 [WARNING] findfont: Font family 'Arial Unicode MS' not found.
2026-03-04 20:07:16,857 [WARNING] findfont: Font family 'Arial Unicode MS' not found.
2026-03-04 20:07:16,857 [WARNING] findfont: Font family 'Arial Unicode MS' not found.
2026-03-04 20:07:16,858 [WARNING] findfont: Font family 'Arial Unicode MS' not found.
2026-03-04 20:07:16,861 [WARNING] findfont: Font family 'Arial Unicode MS' not found.
2026-03-04 20:07:16,862 [WARNING] findfont: Font family 'Arial Unicode MS' not found.
2026-03-04 20:07:16,863 [WARNING] findfont: Font family 'Arial Unicode MS' not found.
2026-03-04 20:07:16,863 [WARNING] findfont: Font family 'Arial Unicode MS' not found.
2026-03-04 20:07:16,864 [WARNING] findfont: Font family 'Arial Unicode MS' not found.
2026-03-04 20:07:16,865 [WARNING] findfont: Font family 'Arial Unicode MS' not found.
2026-03-04 20:07:16,865 [WARNING] findfont: Font family 'Arial Unicode MS' not found.
2026-03-04 20:07:16,866 [WARNING] findfont: Font family 'Arial Unicode MS' not found.
2026-03-04 20:07:16,867 [WARNING] findfont: Font family 'Arial Unicode MS' not found.
2026-03-04 20:07:16,868 [WARNING] findfont: Font family 'Arial Unicode MS' not found.
2026-03-04 20:07:16,870 [WARNING] findfont: Font family 'Arial Unicode MS' not found.
2026-03-04 20:07:16,871 [WARNING] findfont: Font family 'Arial Unicode MS' not found.
2026-03-04 20:07:16,872 [WARNING] findfont: Font family 'Arial Unicode MS' not found.
2026-03-04 20:07:16,873 [WARNING] findfont: Font family 'Arial Unicode MS' not found.
2026-03-04 20:07:16,874 [WARNING] findfont: Font family 'Arial Unicode MS' not found.
2026-03-04 20:07:16,875 [WARNING] findfont: Font family 'Arial Unicode MS' not found.
2026-03-04 20:07:16,877 [WARNING] findfont: Font family 'Arial Unicode MS' not found.
2026-03-04 20:07:16,878 [WARNING] findfont: Font family 'Arial Unicode MS' not found.
2026-03-04 20:07:16,880 [WARNING] findfont: Font family 'Arial Unicode MS' not found.
2026-03-04 20:07:16,880 [WARNING] findfont: Font family 'Arial Unicode MS' not found.
2026-03-04 20:07:16,881 [WARNING] findfont: Font family 'Arial Unicode MS' not found.
2026-03-04 20:07:17,187 [WARNING] findfont: Font family 'Arial Unicode MS' not found.
2026-03-04 20:07:17,187 [WARNING] findfont: Font family 'Arial Unicode MS' not found.
2026-03-04 20:07:17,188 [WARNING] findfont: Font family 'Arial Unicode MS' not found.
2026-03-04 20:07:17,196 [WARNING] findfont: Font family 'Arial Unicode MS' not found.
2026-03-04 20:07:17,197 [WARNING] findfont: Font family 'Arial Unicode MS' not found.
2026-03-04 20:07:17,197 [WARNING] findfont: Font family 'Arial Unicode MS' not found.
2026-03-04 20:07:17,198 [WARNING] findfont: Font family 'Arial Unicode MS' not found.
2026-03-04 20:07:17,199 [WARNING] findfont: Font family 'Arial Unicode MS' not found.
2026-03-04 20:07:17,199 [WARNING] findfont: Font family 'Arial Unicode MS' not found.
2026-03-04 20:07:17,199 [WARNING] findfont: Font family 'Arial Unicode MS' not found.
2026-03-04 20:07:17,200 [WARNING] findfont: Font family 'Arial Unicode MS' not found.
2026-03-04 20:07:17,201 [WARNING] findfont: Font family 'Arial Unicode MS' not found.
2026-03-04 20:07:17,203 [WARNING] findfont: Font family 'Arial Unicode MS' not found.
2026-03-04 20:07:17,208 [WARNING] findfont: Font family 'Arial Unicode MS' not found.
2026-03-04 20:07:17,209 [WARNING] findfont: Font family 'Arial Unicode MS' not found.
2026-03-04 20:07:17,218 [WARNING] findfont: Font family 'Arial Unicode MS' not found.
2026-03-04 20:07:17,218 [WARNING] findfont: Font family 'Arial Unicode MS' not found.
2026-03-04 20:07:17,219 [WARNING] findfont: Font family 'Arial Unicode MS' not found.
2026-03-04 20:07:17,220 [WARNING] findfont: Font family 'Arial Unicode MS' not found.
2026-03-04 20:07:17,220 [WARNING] findfont: Font family 'Arial Unicode MS' not found.
2026-03-04 20:07:17,220 [WARNING] findfont: Font family 'Arial Unicode MS' not found.
2026-03-04 20:07:17,223 [WARNING] findfont: Font family 'Arial Unicode MS' not found.
2026-03-04 20:07:17,230 [WARNING] findfont: Font family 'Arial Unicode MS' not found.
2026-03-04 20:07:17,233 [WARNING] findfont: Font family 'Arial Unicode MS' not found.
2026-03-04 20:07:17,237 [WARNING] findfont: Font family 'Arial Unicode MS' not found.
2026-03-04 20:07:17,244 [WARNING] findfont: Font family 'Arial Unicode MS' not found.
2026-03-04 20:07:17,245 [WARNING] findfont: Font family 'Arial Unicode MS' not found.
2026-03-04 20:07:17,246 [WARNING] findfont: Font family 'Arial Unicode MS' not found.
2026-03-04 20:07:17,247 [WARNING] findfont: Font family 'Arial Unicode MS' not found.
2026-03-04 20:07:17,254 [WARNING] findfont: Font family 'Arial Unicode MS' not found.
2026-03-04 20:07:17,255 [WARNING] findfont: Font family 'Arial Unicode MS' not found.
2026-03-04 20:07:17,255 [WARNING] findfont: Font family 'Arial Unicode MS' not found.
2026-03-04 20:07:17,256 [WARNING] findfont: Font family 'Arial Unicode MS' not found.
2026-03-04 20:07:17,257 [WARNING] findfont: Font family 'Arial Unicode MS' not found.
2026-03-04 20:07:17,257 [WARNING] findfont: Font family 'Arial Unicode MS' not found.
2026-03-04 20:07:17,262 [WARNING] findfont: Font family 'Arial Unicode MS' not found.
2026-03-04 20:07:17,266 [WARNING] findfont: Font family 'Arial Unicode MS' not found.
2026-03-04 20:07:17,267 [WARNING] findfont: Font family 'Arial Unicode MS' not found.
2026-03-04 20:07:17,275 [WARNING] findfont: Font family 'Arial Unicode MS' not found.
2026-03-04 20:07:17,275 [WARNING] findfont: Font family 'Arial Unicode MS' not found.
2026-03-04 20:07:17,276 [WARNING] findfont: Font family 'Arial Unicode MS' not found.
2026-03-04 20:07:17,276 [WARNING] findfont: Font family 'Arial Unicode MS' not found.
2026-03-04 20:07:17,277 [WARNING] findfont: Font family 'Arial Unicode MS' not found.
2026-03-04 20:07:17,277 [WARNING] findfont: Font family 'Arial Unicode MS' not found.
2026-03-04 20:07:17,278 [WARNING] findfont: Font family 'Arial Unicode MS' not found.
2026-03-04 20:07:17,279 [WARNING] findfont: Font family 'Arial Unicode MS' not found.
2026-03-04 20:07:17,279 [WARNING] findfont: Font family 'Arial Unicode MS' not found.
2026-03-04 20:07:17,279 [WARNING] findfont: Font family 'Arial Unicode MS' not found.
2026-03-04 20:07:17,282 [WARNING] findfont: Font family 'Arial Unicode MS' not found.
2026-03-04 20:07:17,282 [WARNING] findfont: Font family 'Arial Unicode MS' not found.
2026-03-04 20:07:17,283 [WARNING] findfont: Font family 'Arial Unicode MS' not found.
2026-03-04 20:07:17,284 [WARNING] findfont: Font family 'Arial Unicode MS' not found.
2026-03-04 20:07:17,285 [WARNING] findfont: Font family 'Arial Unicode MS' not found.
2026-03-04 20:07:17,296 [WARNING] findfont: Font family 'Arial Unicode MS' not found.
2026-03-04 20:07:17,297 [WARNING] findfont: Font family 'Arial Unicode MS' not found.
2026-03-04 20:07:17,301 [WARNING] findfont: Font family 'Arial Unicode MS' not found.
2026-03-04 20:07:17,302 [WARNING] findfont: Font family 'Arial Unicode MS' not found.
2026-03-04 20:07:17,302 [WARNING] findfont: Font family 'Arial Unicode MS' not found.
2026-03-04 20:07:17,303 [WARNING] findfont: Font family 'Arial Unicode MS' not found.
2026-03-04 20:07:17,304 [WARNING] findfont: Font family 'Arial Unicode MS' not found.
2026-03-04 20:07:17,305 [WARNING] findfont: Font family 'Arial Unicode MS' not found.
2026-03-04 20:07:17,309 [WARNING] findfont: Font family 'Arial Unicode MS' not found.
2026-03-04 20:07:17,314 [WARNING] findfont: Font family 'Arial Unicode MS' not found.
2026-03-04 20:07:17,322 [WARNING] findfont: Font family 'Arial Unicode MS' not found.
2026-03-04 20:07:17,323 [WARNING] findfont: Font family 'Arial Unicode MS' not found.
2026-03-04 20:07:17,323 [WARNING] findfont: Font family 'Arial Unicode MS' not found.
2026-03-04 20:07:17,324 [WARNING] findfont: Font family 'Arial Unicode MS' not found.
2026-03-04 20:07:17,324 [WARNING] findfont: Font family 'Arial Unicode MS' not found.
2026-03-04 20:07:17,325 [WARNING] findfont: Font family 'Arial Unicode MS' not found.
2026-03-04 20:07:17,327 [WARNING] findfont: Font family 'Arial Unicode MS' not found.
2026-03-04 20:07:17,334 [WARNING] findfont: Font family 'Arial Unicode MS' not found.
2026-03-04 20:07:17,335 [WARNING] findfont: Font family 'Arial Unicode MS' not found.
2026-03-04 20:07:17,335 [WARNING] findfont: Font family 'Arial Unicode MS' not found.
2026-03-04 20:07:17,336 [WARNING] findfont: Font family 'Arial Unicode MS' not found.
2026-03-04 20:07:17,336 [WARNING] findfont: Font family 'Arial Unicode MS' not found.
2026-03-04 20:07:17,337 [WARNING] findfont: Font family 'Arial Unicode MS' not found.
2026-03-04 20:07:17,337 [WARNING] findfont: Font family 'Arial Unicode MS' not found.
2026-03-04 20:07:17,341 [WARNING] findfont: Font family 'Arial Unicode MS' not found.
2026-03-04 20:07:17,348 [WARNING] findfont: Font family 'Arial Unicode MS' not found.
2026-03-04 20:07:17,349 [WARNING] findfont: Font family 'Arial Unicode MS' not found.
2026-03-04 20:07:17,392 [WARNING] findfont: Font family 'Arial Unicode MS' not found.
2026-03-04 20:07:17,392 [WARNING] findfont: Font family 'Arial Unicode MS' not found.
2026-03-04 20:07:17,393 [WARNING] findfont: Font family 'Arial Unicode MS' not found.
2026-03-04 20:07:17,393 [WARNING] findfont: Font family 'Arial Unicode MS' not found.
2026-03-04 20:07:17,394 [WARNING] findfont: Font family 'Arial Unicode MS' not found.
2026-03-04 20:07:17,394 [WARNING] findfont: Font family 'Arial Unicode MS' not found.
2026-03-04 20:07:17,395 [WARNING] findfont: Font family 'Arial Unicode MS' not found.
2026-03-04 20:07:17,395 [WARNING] findfont: Font family 'Arial Unicode MS' not found.
2026-03-04 20:07:17,396 [WARNING] findfont: Font family 'Arial Unicode MS' not found.
2026-03-04 20:07:17,397 [WARNING] findfont: Font family 'Arial Unicode MS' not found.
2026-03-04 20:07:17,399 [WARNING] findfont: Font family 'Arial Unicode MS' not found.
2026-03-04 20:07:17,400 [WARNING] findfont: Font family 'Arial Unicode MS' not found.
2026-03-04 20:07:17,400 [WARNING] findfont: Font family 'Arial Unicode MS' not found.
2026-03-04 20:07:17,403 [WARNING] findfont: Font family 'Arial Unicode MS' not found.
2026-03-04 20:07:17,404 [WARNING] findfont: Font family 'Arial Unicode MS' not found.
2026-03-04 20:07:17,405 [WARNING] findfont: Font family 'Arial Unicode MS' not found.
2026-03-04 20:07:17,406 [WARNING] findfont: Font family 'Arial Unicode MS' not found.
2026-03-04 20:07:17,409 [WARNING] findfont: Font family 'Arial Unicode MS' not found.
2026-03-04 20:07:17,410 [WARNING] findfont: Font family 'Arial Unicode MS' not found.
2026-03-04 20:07:17,411 [WARNING] findfont: Font family 'Arial Unicode MS' not found.
2026-03-04 20:07:17,412 [WARNING] findfont: Font family 'Arial Unicode MS' not found.
2026-03-04 20:07:17,412 [WARNING] findfont: Font family 'Arial Unicode MS' not found.
2026-03-04 20:07:17,413 [WARNING] findfont: Font family 'Arial Unicode MS' not found.
2026-03-04 20:07:17,414 [WARNING] findfont: Font family 'Arial Unicode MS' not found.
2026-03-04 20:07:17,414 [WARNING] findfont: Font family 'Arial Unicode MS' not found.
2026-03-04 20:07:17,415 [WARNING] findfont: Font family 'Arial Unicode MS' not found.
2026-03-04 20:07:17,419 [WARNING] findfont: Font family 'Arial Unicode MS' not found.
2026-03-04 20:07:17,425 [WARNING] findfont: Font family 'Arial Unicode MS' not found.
2026-03-04 20:07:17,430 [WARNING] findfont: Font family 'Arial Unicode MS' not found.
2026-03-04 20:07:17,431 [WARNING] findfont: Font family 'Arial Unicode MS' not found.
2026-03-04 20:07:17,440 [WARNING] findfont: Font family 'Arial Unicode MS' not found.
2026-03-04 20:07:17,440 [WARNING] findfont: Font family 'Arial Unicode MS' not found.
2026-03-04 20:07:17,441 [WARNING] findfont: Font family 'Arial Unicode MS' not found.
2026-03-04 20:07:17,442 [WARNING] findfont: Font family 'Arial Unicode MS' not found.
2026-03-04 20:07:17,443 [WARNING] findfont: Font family 'Arial Unicode MS' not found.
2026-03-04 20:07:17,443 [WARNING] findfont: Font family 'Arial Unicode MS' not found.
2026-03-04 20:07:17,444 [WARNING] findfont: Font family 'Arial Unicode MS' not found.
2026-03-04 20:07:17,445 [WARNING] findfont: Font family 'Arial Unicode MS' not found.
2026-03-04 20:07:17,446 [WARNING] findfont: Font family 'Arial Unicode MS' not found.
2026-03-04 20:07:17,447 [WARNING] findfont: Font family 'Arial Unicode MS' not found.
2026-03-04 20:07:17,448 [WARNING] findfont: Font family 'Arial Unicode MS' not found.
2026-03-04 20:07:17,449 [WARNING] findfont: Font family 'Arial Unicode MS' not found.
2026-03-04 20:07:17,450 [WARNING] findfont: Font family 'Arial Unicode MS' not found.
2026-03-04 20:07:17,451 [WARNING] findfont: Font family 'Arial Unicode MS' not found.
2026-03-04 20:07:17,454 [WARNING] findfont: Font family 'Arial Unicode MS' not found.
2026-03-04 20:07:17,454 [WARNING] findfont: Font family 'Arial Unicode MS' not found.
2026-03-04 20:07:17,456 [WARNING] findfont: Font family 'Arial Unicode MS' not found.
2026-03-04 20:07:17,457 [WARNING] findfont: Font family 'Arial Unicode MS' not found.
2026-03-04 20:07:17,458 [WARNING] findfont: Font family 'Arial Unicode MS' not found.
2026-03-04 20:07:17,459 [WARNING] findfont: Font family 'Arial Unicode MS' not found.
2026-03-04 20:07:17,460 [WARNING] findfont: Font family 'Arial Unicode MS' not found.
2026-03-04 20:07:17,461 [WARNING] findfont: Font family 'Arial Unicode MS' not found.
2026-03-04 20:07:17,463 [WARNING] findfont: Font family 'Arial Unicode MS' not found.
2026-03-04 20:07:17,465 [WARNING] findfont: Font family 'Arial Unicode MS' not found.
2026-03-04 20:07:17,466 [WARNING] findfont: Font family 'Arial Unicode MS' not found.
2026-03-04 20:07:17,472 [WARNING] findfont: Font family 'Arial Unicode MS' not found.
2026-03-04 20:07:17,474 [WARNING] findfont: Font family 'Arial Unicode MS' not found.
2026-03-04 20:07:17,475 [WARNING] findfont: Font family 'Arial Unicode MS' not found.
2026-03-04 20:07:17,476 [WARNING] findfont: Font family 'Arial Unicode MS' not found.
2026-03-04 20:07:17,476 [WARNING] findfont: Font family 'Arial Unicode MS' not found.
2026-03-04 20:07:17,477 [WARNING] findfont: Font family 'Arial Unicode MS' not found.
2026-03-04 20:07:17,477 [WARNING] findfont: Font family 'Arial Unicode MS' not found.
2026-03-04 20:07:17,480 [WARNING] findfont: Font family 'Arial Unicode MS' not found.
2026-03-04 20:07:17,485 [WARNING] findfont: Font family 'Arial Unicode MS' not found.
2026-03-04 20:07:17,485 [WARNING] findfont: Font family 'Arial Unicode MS' not found.
2026-03-04 20:07:17,486 [WARNING] findfont: Font family 'Arial Unicode MS' not found.
2026-03-04 20:07:17,486 [WARNING] findfont: Font family 'Arial Unicode MS' not found.
2026-03-04 20:07:17,487 [WARNING] findfont: Font family 'Arial Unicode MS' not found.
2026-03-04 20:07:17,487 [WARNING] findfont: Font family 'Arial Unicode MS' not found.
2026-03-04 20:07:17,488 [WARNING] findfont: Font family 'Arial Unicode MS' not found.
2026-03-04 20:07:17,488 [WARNING] findfont: Font family 'Arial Unicode MS' not found.
2026-03-04 20:07:17,489 [WARNING] findfont: Font family 'Arial Unicode MS' not found.
2026-03-04 20:07:17,490 [WARNING] findfont: Font family 'Arial Unicode MS' not found.
2026-03-04 20:07:17,491 [WARNING] findfont: Font family 'Arial Unicode MS' not found.
2026-03-04 20:07:17,491 [WARNING] findfont: Font family 'Arial Unicode MS' not found.
2026-03-04 20:07:17,492 [WARNING] findfont: Font family 'Arial Unicode MS' not found.
2026-03-04 20:07:17,493 [WARNING] findfont: Font family 'Arial Unicode MS' not found.
2026-03-04 20:07:17,494 [WARNING] findfont: Font family 'Arial Unicode MS' not found.
2026-03-04 20:07:17,497 [WARNING] findfont: Font family 'Arial Unicode MS' not found.
2026-03-04 20:07:17,498 [WARNING] findfont: Font family 'Arial Unicode MS' not found.
2026-03-04 20:07:17,500 [WARNING] findfont: Font family 'Arial Unicode MS' not found.
2026-03-04 20:07:17,502 [WARNING] findfont: Font family 'Arial Unicode MS' not found.
2026-03-04 20:07:17,503 [WARNING] findfont: Font family 'Arial Unicode MS' not found.
2026-03-04 20:07:17,504 [WARNING] findfont: Font family 'Arial Unicode MS' not found.
2026-03-04 20:07:17,505 [WARNING] findfont: Font family 'Arial Unicode MS' not found.
2026-03-04 20:07:17,506 [WARNING] findfont: Font family 'Arial Unicode MS' not found.
2026-03-04 20:07:17,507 [WARNING] findfont: Font family 'Arial Unicode MS' not found.
2026-03-04 20:07:17,507 [WARNING] findfont: Font family 'Arial Unicode MS' not found.
2026-03-04 20:07:17,510 [WARNING] findfont: Font family 'Arial Unicode MS' not found.
2026-03-04 20:07:17,511 [WARNING] findfont: Font family 'Arial Unicode MS' not found.
2026-03-04 20:07:17,513 [WARNING] findfont: Font family 'Arial Unicode MS' not found.
2026-03-04 20:07:17,513 [WARNING] findfont: Font family 'Arial Unicode MS' not found.
2026-03-04 20:07:17,514 [WARNING] findfont: Font family 'Arial Unicode MS' not found.
2026-03-04 20:07:17,806 [WARNING] findfont: Font family 'Arial Unicode MS' not found.
2026-03-04 20:07:17,806 [WARNING] findfont: Font family 'Arial Unicode MS' not found.
2026-03-04 20:07:17,807 [WARNING] findfont: Font family 'Arial Unicode MS' not found.
2026-03-04 20:07:17,808 [WARNING] findfont: Font family 'Arial Unicode MS' not found.
2026-03-04 20:07:17,809 [WARNING] findfont: Font family 'Arial Unicode MS' not found.
2026-03-04 20:07:17,810 [WARNING] findfont: Font family 'Arial Unicode MS' not found.
2026-03-04 20:07:17,811 [WARNING] findfont: Font family 'Arial Unicode MS' not found.
2026-03-04 20:07:17,812 [WARNING] findfont: Font family 'Arial Unicode MS' not found.
2026-03-04 20:07:17,813 [WARNING] findfont: Font family 'Arial Unicode MS' not found.
2026-03-04 20:07:17,814 [WARNING] findfont: Font family 'Arial Unicode MS' not found.
2026-03-04 20:07:17,816 [WARNING] findfont: Font family 'Arial Unicode MS' not found.
2026-03-04 20:07:17,819 [WARNING] findfont: Font family 'Arial Unicode MS' not found.
2026-03-04 20:07:17,820 [WARNING] findfont: Font family 'Arial Unicode MS' not found.
2026-03-04 20:07:17,821 [WARNING] findfont: Font family 'Arial Unicode MS' not found.
2026-03-04 20:07:17,823 [WARNING] findfont: Font family 'Arial Unicode MS' not found.
2026-03-04 20:07:17,825 [WARNING] findfont: Font family 'Arial Unicode MS' not found.
2026-03-04 20:07:17,833 [WARNING] findfont: Font family 'Arial Unicode MS' not found.
2026-03-04 20:07:17,834 [WARNING] findfont: Font family 'Arial Unicode MS' not found.
2026-03-04 20:07:17,835 [WARNING] findfont: Font family 'Arial Unicode MS' not found.
2026-03-04 20:07:17,836 [WARNING] findfont: Font family 'Arial Unicode MS' not found.
2026-03-04 20:07:17,836 [WARNING] findfont: Font family 'Arial Unicode MS' not found.
2026-03-04 20:07:17,837 [WARNING] findfont: Font family 'Arial Unicode MS' not found.
2026-03-04 20:07:17,838 [WARNING] findfont: Font family 'Arial Unicode MS' not found.
2026-03-04 20:07:17,839 [WARNING] findfont: Font family 'Arial Unicode MS' not found.
2026-03-04 20:07:17,839 [WARNING] findfont: Font family 'Arial Unicode MS' not found.
2026-03-04 20:07:17,840 [WARNING] findfont: Font family 'Arial Unicode MS' not found.
2026-03-04 20:07:17,841 [WARNING] findfont: Font family 'Arial Unicode MS' not found.
2026-03-04 20:07:17,842 [WARNING] findfont: Font family 'Arial Unicode MS' not found.
2026-03-04 20:07:17,844 [WARNING] findfont: Font family 'Arial Unicode MS' not found.
2026-03-04 20:07:17,845 [WARNING] findfont: Font family 'Arial Unicode MS' not found.
2026-03-04 20:07:17,867 [WARNING] findfont: Font family 'Arial Unicode MS' not found.
2026-03-04 20:07:17,870 [WARNING] findfont: Font family 'Arial Unicode MS' not found.
2026-03-04 20:07:17,873 [WARNING] findfont: Font family 'Arial Unicode MS' not found.
2026-03-04 20:07:17,874 [WARNING] findfont: Font family 'Arial Unicode MS' not found.
2026-03-04 20:07:17,875 [WARNING] findfont: Font family 'Arial Unicode MS' not found.
2026-03-04 20:07:17,875 [WARNING] findfont: Font family 'Arial Unicode MS' not found.
2026-03-04 20:07:17,876 [WARNING] findfont: Font family 'Arial Unicode MS' not found.
2026-03-04 20:07:17,878 [WARNING] findfont: Font family 'Arial Unicode MS' not found.
2026-03-04 20:07:17,888 [WARNING] findfont: Font family 'Arial Unicode MS' not found.
2026-03-04 20:07:17,888 [WARNING] findfont: Font family 'Arial Unicode MS' not found.
2026-03-04 20:07:17,889 [WARNING] findfont: Font family 'Arial Unicode MS' not found.
2026-03-04 20:07:17,890 [WARNING] findfont: Font family 'Arial Unicode MS' not found.
2026-03-04 20:07:17,891 [WARNING] findfont: Font family 'Arial Unicode MS' not found.
2026-03-04 20:07:17,892 [WARNING] findfont: Font family 'Arial Unicode MS' not found.
2026-03-04 20:07:17,894 [WARNING] findfont: Font family 'Arial Unicode MS' not found.
2026-03-04 20:07:17,894 [WARNING] findfont: Font family 'Arial Unicode MS' not found.
2026-03-04 20:07:17,900 [WARNING] findfont: Font family 'Arial Unicode MS' not found.
2026-03-04 20:07:17,901 [WARNING] findfont: Font family 'Arial Unicode MS' not found.
2026-03-04 20:07:17,902 [WARNING] findfont: Font family 'Arial Unicode MS' not found.
2026-03-04 20:07:17,903 [WARNING] findfont: Font family 'Arial Unicode MS' not found.
2026-03-04 20:07:17,904 [WARNING] findfont: Font family 'Arial Unicode MS' not found.
2026-03-04 20:07:17,905 [WARNING] findfont: Font family 'Arial Unicode MS' not found.
2026-03-04 20:07:17,909 [WARNING] findfont: Font family 'Arial Unicode MS' not found.
2026-03-04 20:07:17,910 [WARNING] findfont: Font family 'Arial Unicode MS' not found.
2026-03-04 20:07:17,910 [WARNING] findfont: Font family 'Arial Unicode MS' not found.
2026-03-04 20:07:17,911 [WARNING] findfont: Font family 'Arial Unicode MS' not found.
2026-03-04 20:07:17,911 [WARNING] findfont: Font family 'Arial Unicode MS' not found.
2026-03-04 20:07:17,912 [WARNING] findfont: Font family 'Arial Unicode MS' not found.
2026-03-04 20:07:17,915 [WARNING] findfont: Font family 'Arial Unicode MS' not found.
2026-03-04 20:07:17,931 [WARNING] findfont: Font family 'Arial Unicode MS' not found.
2026-03-04 20:07:17,931 [WARNING] findfont: Font family 'Arial Unicode MS' not found.
2026-03-04 20:07:17,932 [WARNING] findfont: Font family 'Arial Unicode MS' not found.
2026-03-04 20:07:17,933 [WARNING] findfont: Font family 'Arial Unicode MS' not found.
2026-03-04 20:07:17,935 [WARNING] findfont: Font family 'Arial Unicode MS' not found.
2026-03-04 20:07:17,936 [WARNING] findfont: Font family 'Arial Unicode MS' not found.
2026-03-04 20:07:17,939 [WARNING] findfont: Font family 'Arial Unicode MS' not found.
2026-03-04 20:07:17,939 [WARNING] findfont: Font family 'Arial Unicode MS' not found.
2026-03-04 20:07:17,943 [WARNING] findfont: Font family 'Arial Unicode MS' not found.
2026-03-04 20:07:17,944 [WARNING] findfont: Font family 'Arial Unicode MS' not found.
2026-03-04 20:07:17,945 [WARNING] findfont: Font family 'Arial Unicode MS' not found.
2026-03-04 20:07:17,947 [WARNING] findfont: Font family 'Arial Unicode MS' not found.
2026-03-04 20:07:17,949 [WARNING] findfont: Font family 'Arial Unicode MS' not found.
2026-03-04 20:07:17,952 [WARNING] findfont: Font family 'Arial Unicode MS' not found.
2026-03-04 20:07:17,954 [WARNING] findfont: Font family 'Arial Unicode MS' not found.
2026-03-04 20:07:17,955 [WARNING] findfont: Font family 'Arial Unicode MS' not found.
2026-03-04 20:07:17,956 [WARNING] findfont: Font family 'Arial Unicode MS' not found.
2026-03-04 20:07:17,957 [WARNING] findfont: Font family 'Arial Unicode MS' not found.
2026-03-04 20:07:17,960 [WARNING] findfont: Font family 'Arial Unicode MS' not found.
2026-03-04 20:07:17,960 [WARNING] findfont: Font family 'Arial Unicode MS' not found.
2026-03-04 20:07:17,961 [WARNING] findfont: Font family 'Arial Unicode MS' not found.
2026-03-04 20:07:17,962 [WARNING] findfont: Font family 'Arial Unicode MS' not found.
2026-03-04 20:07:17,962 [WARNING] findfont: Font family 'Arial Unicode MS' not found.
2026-03-04 20:07:17,963 [WARNING] findfont: Font family 'Arial Unicode MS' not found.
2026-03-04 20:07:17,963 [WARNING] findfont: Font family 'Arial Unicode MS' not found.
2026-03-04 20:07:17,964 [WARNING] findfont: Font family 'Arial Unicode MS' not found.
2026-03-04 20:07:17,964 [WARNING] findfont: Font family 'Arial Unicode MS' not found.
2026-03-04 20:07:17,965 [WARNING] findfont: Font family 'Arial Unicode MS' not found.
2026-03-04 20:07:17,966 [WARNING] findfont: Font family 'Arial Unicode MS' not found.
2026-03-04 20:07:17,967 [WARNING] findfont: Font family 'Arial Unicode MS' not found.
2026-03-04 20:07:17,967 [WARNING] findfont: Font family 'Arial Unicode MS' not found.
2026-03-04 20:07:17,968 [WARNING] findfont: Font family 'Arial Unicode MS' not found.
2026-03-04 20:07:17,969 [WARNING] findfont: Font family 'Arial Unicode MS' not found.
2026-03-04 20:07:17,970 [WARNING] findfont: Font family 'Arial Unicode MS' not found.
2026-03-04 20:07:17,970 [WARNING] findfont: Font family 'Arial Unicode MS' not found.
2026-03-04 20:07:17,971 [WARNING] findfont: Font family 'Arial Unicode MS' not found.
2026-03-04 20:07:17,972 [WARNING] findfont: Font family 'Arial Unicode MS' not found.
2026-03-04 20:07:17,972 [WARNING] findfont: Font family 'Arial Unicode MS' not found.
2026-03-04 20:07:17,973 [WARNING] findfont: Font family 'Arial Unicode MS' not found.
2026-03-04 20:07:17,974 [WARNING] findfont: Font family 'Arial Unicode MS' not found.
2026-03-04 20:07:17,974 [WARNING] findfont: Font family 'Arial Unicode MS' not found.
2026-03-04 20:07:17,975 [WARNING] findfont: Font family 'Arial Unicode MS' not found.
2026-03-04 20:07:17,976 [WARNING] findfont: Font family 'Arial Unicode MS' not found.
2026-03-04 20:07:17,977 [WARNING] findfont: Font family 'Arial Unicode MS' not found.
2026-03-04 20:07:17,978 [WARNING] findfont: Font family 'Arial Unicode MS' not found.
2026-03-04 20:07:17,979 [WARNING] findfont: Font family 'Arial Unicode MS' not found.
2026-03-04 20:07:17,979 [WARNING] findfont: Font family 'Arial Unicode MS' not found.
2026-03-04 20:07:17,980 [WARNING] findfont: Font family 'Arial Unicode MS' not found.
2026-03-04 20:07:17,981 [WARNING] findfont: Font family 'Arial Unicode MS' not found.
2026-03-04 20:07:17,982 [WARNING] findfont: Font family 'Arial Unicode MS' not found.
2026-03-04 20:07:17,985 [WARNING] findfont: Font family 'Arial Unicode MS' not found.
2026-03-04 20:07:17,986 [WARNING] findfont: Font family 'Arial Unicode MS' not found.
2026-03-04 20:07:17,986 [WARNING] findfont: Font family 'Arial Unicode MS' not found.
2026-03-04 20:07:17,987 [WARNING] findfont: Font family 'Arial Unicode MS' not found.
2026-03-04 20:07:17,987 [WARNING] findfont: Font family 'Arial Unicode MS' not found.
2026-03-04 20:07:17,988 [WARNING] findfont: Font family 'Arial Unicode MS' not found.
2026-03-04 20:07:17,989 [WARNING] findfont: Font family 'Arial Unicode MS' not found.
2026-03-04 20:07:17,990 [WARNING] findfont: Font family 'Arial Unicode MS' not found.
2026-03-04 20:07:17,990 [WARNING] findfont: Font family 'Arial Unicode MS' not found.
2026-03-04 20:07:17,991 [WARNING] findfont: Font family 'Arial Unicode MS' not found.
2026-03-04 20:07:17,992 [WARNING] findfont: Font family 'Arial Unicode MS' not found.
2026-03-04 20:07:17,992 [WARNING] findfont: Font family 'Arial Unicode MS' not found.
2026-03-04 20:07:17,995 [WARNING] findfont: Font family 'Arial Unicode MS' not found.
2026-03-04 20:07:17,995 [WARNING] findfont: Font family 'Arial Unicode MS' not found.
